## SLURM PROLOG ###############################################################
##    Job ID : 2195462
##  Job Name : final_train
##  Nodelist : gpu3003
##      CPUs : 4
##  Mem/Node : 16384 MB
## Directory : /oscar/data/class/csci1430/students/zzhan360/Text-Conditoned-I-JEPA
##   Job Started : Fri May  1 04:41:33 PM EDT 2026
###############################################################################
============================================
Job ID:    2195462
Node:      gpu3003.oscar.ccv.brown.edu
Started:   Fri May  1 04:41:33 PM EDT 2026
GPU: NVIDIA L40S
============================================
Training target: dinov3
Command: uv run python3 train_mit_states_clipstyle.py --vision-backbone dino-v3
============================================
Finished:  Fri May  1 04:41:33 PM EDT 2026
============================================
