Traceback (most recent call last):
  File "/oscar/data/class/csci1430/students/zzhan360/Text-Conditoned-I-JEPA/.venv/lib/python3.12/site-packages/huggingface_hub/utils/_http.py", line 761, in hf_raise_for_status
    response.raise_for_status()
  File "/oscar/data/class/csci1430/students/zzhan360/Text-Conditoned-I-JEPA/.venv/lib/python3.12/site-packages/httpx/_models.py", line 829, in raise_for_status
    raise HTTPStatusError(message, request=request, response=self)
httpx.HTTPStatusError: Client error '403 Forbidden' for url 'https://huggingface.co/facebook/dinov3-vitb16-pretrain-lvd1689m/resolve/main/processor_config.json'
For more information check: https://developer.mozilla.org/en-US/docs/Web/HTTP/Status/403

The above exception was the direct cause of the following exception:

Traceback (most recent call last):
  File "/oscar/data/class/csci1430/students/zzhan360/Text-Conditoned-I-JEPA/.venv/lib/python3.12/site-packages/transformers/utils/hub.py", line 422, in cached_files
    hf_hub_download(
  File "/oscar/data/class/csci1430/students/zzhan360/Text-Conditoned-I-JEPA/.venv/lib/python3.12/site-packages/huggingface_hub/utils/_validators.py", line 88, in _inner_fn
    return fn(*args, **kwargs)
           ^^^^^^^^^^^^^^^^^^^
  File "/oscar/data/class/csci1430/students/zzhan360/Text-Conditoned-I-JEPA/.venv/lib/python3.12/site-packages/huggingface_hub/file_download.py", line 997, in hf_hub_download
    return _hf_hub_download_to_cache_dir(
           ^^^^^^^^^^^^^^^^^^^^^^^^^^^^^^
  File "/oscar/data/class/csci1430/students/zzhan360/Text-Conditoned-I-JEPA/.venv/lib/python3.12/site-packages/huggingface_hub/file_download.py", line 1148, in _hf_hub_download_to_cache_dir
    _raise_on_head_call_error(head_call_error, force_download, local_files_only)
  File "/oscar/data/class/csci1430/students/zzhan360/Text-Conditoned-I-JEPA/.venv/lib/python3.12/site-packages/huggingface_hub/file_download.py", line 1782, in _raise_on_head_call_error
    raise head_call_error
  File "/oscar/data/class/csci1430/students/zzhan360/Text-Conditoned-I-JEPA/.venv/lib/python3.12/site-packages/huggingface_hub/file_download.py", line 1669, in _get_metadata_or_catch_error
    metadata = get_hf_file_metadata(
               ^^^^^^^^^^^^^^^^^^^^^
  File "/oscar/data/class/csci1430/students/zzhan360/Text-Conditoned-I-JEPA/.venv/lib/python3.12/site-packages/huggingface_hub/utils/_validators.py", line 88, in _inner_fn
    return fn(*args, **kwargs)
           ^^^^^^^^^^^^^^^^^^^
  File "/oscar/data/class/csci1430/students/zzhan360/Text-Conditoned-I-JEPA/.venv/lib/python3.12/site-packages/huggingface_hub/file_download.py", line 1591, in get_hf_file_metadata
    response = _httpx_follow_relative_redirects_with_backoff(
               ^^^^^^^^^^^^^^^^^^^^^^^^^^^^^^^^^^^^^^^^^^^^^^
  File "/oscar/data/class/csci1430/students/zzhan360/Text-Conditoned-I-JEPA/.venv/lib/python3.12/site-packages/huggingface_hub/utils/_http.py", line 692, in _httpx_follow_relative_redirects_with_backoff
    hf_raise_for_status(response)
  File "/oscar/data/class/csci1430/students/zzhan360/Text-Conditoned-I-JEPA/.venv/lib/python3.12/site-packages/huggingface_hub/utils/_http.py", line 787, in hf_raise_for_status
    raise _format(GatedRepoError, message, response, repo_type=repo_type, repo_id=repo_id) from e
huggingface_hub.errors.GatedRepoError: 403 Client Error. (Request ID: Root=1-69f513af-685c79c21718f0e04dbd583d;74fd1487-be73-4ad1-b8b7-047432063da9)

Cannot access gated repo for url https://huggingface.co/facebook/dinov3-vitb16-pretrain-lvd1689m/resolve/main/processor_config.json.
Access to model facebook/dinov3-vitb16-pretrain-lvd1689m is restricted and you are not in the authorized list. Visit https://huggingface.co/facebook/dinov3-vitb16-pretrain-lvd1689m to ask for access.

The above exception was the direct cause of the following exception:

Traceback (most recent call last):
  File "/oscar/data/class/csci1430/students/zzhan360/Text-Conditoned-I-JEPA/main.py", line 145, in load_vision_processor
    return AutoImageProcessor.from_pretrained(model_id)
           ^^^^^^^^^^^^^^^^^^^^^^^^^^^^^^^^^^^^^^^^^^^^
  File "/oscar/data/class/csci1430/students/zzhan360/Text-Conditoned-I-JEPA/.venv/lib/python3.12/site-packages/transformers/models/auto/image_processing_auto.py", line 566, in from_pretrained
    raise initial_exception
  File "/oscar/data/class/csci1430/students/zzhan360/Text-Conditoned-I-JEPA/.venv/lib/python3.12/site-packages/transformers/models/auto/image_processing_auto.py", line 556, in from_pretrained
    config_dict, _ = ImageProcessingMixin.get_image_processor_dict(
                     ^^^^^^^^^^^^^^^^^^^^^^^^^^^^^^^^^^^^^^^^^^^^^^
  File "/oscar/data/class/csci1430/students/zzhan360/Text-Conditoned-I-JEPA/.venv/lib/python3.12/site-packages/transformers/image_processing_base.py", line 282, in get_image_processor_dict
    resolved_processor_file = cached_file(
                              ^^^^^^^^^^^^
  File "/oscar/data/class/csci1430/students/zzhan360/Text-Conditoned-I-JEPA/.venv/lib/python3.12/site-packages/transformers/utils/hub.py", line 278, in cached_file
    file = cached_files(path_or_repo_id=path_or_repo_id, filenames=[filename], **kwargs)
           ^^^^^^^^^^^^^^^^^^^^^^^^^^^^^^^^^^^^^^^^^^^^^^^^^^^^^^^^^^^^^^^^^^^^^^^^^^^^^
  File "/oscar/data/class/csci1430/students/zzhan360/Text-Conditoned-I-JEPA/.venv/lib/python3.12/site-packages/transformers/utils/hub.py", line 488, in cached_files
    raise OSError(
OSError: You are trying to access a gated repo.
Make sure to have access to it at https://huggingface.co/facebook/dinov3-vitb16-pretrain-lvd1689m.
403 Client Error. (Request ID: Root=1-69f513af-685c79c21718f0e04dbd583d;74fd1487-be73-4ad1-b8b7-047432063da9)

Cannot access gated repo for url https://huggingface.co/facebook/dinov3-vitb16-pretrain-lvd1689m/resolve/main/processor_config.json.
Access to model facebook/dinov3-vitb16-pretrain-lvd1689m is restricted and you are not in the authorized list. Visit https://huggingface.co/facebook/dinov3-vitb16-pretrain-lvd1689m to ask for access.

During handling of the above exception, another exception occurred:

Traceback (most recent call last):
  File "/oscar/data/class/csci1430/students/zzhan360/Text-Conditoned-I-JEPA/.venv/lib/python3.12/site-packages/huggingface_hub/utils/_http.py", line 761, in hf_raise_for_status
    response.raise_for_status()
  File "/oscar/data/class/csci1430/students/zzhan360/Text-Conditoned-I-JEPA/.venv/lib/python3.12/site-packages/httpx/_models.py", line 829, in raise_for_status
    raise HTTPStatusError(message, request=request, response=self)
httpx.HTTPStatusError: Client error '403 Forbidden' for url 'https://huggingface.co/facebook/dinov3-vitb16-pretrain-lvd1689m/resolve/main/processor_config.json'
For more information check: https://developer.mozilla.org/en-US/docs/Web/HTTP/Status/403

The above exception was the direct cause of the following exception:

Traceback (most recent call last):
  File "/oscar/data/class/csci1430/students/zzhan360/Text-Conditoned-I-JEPA/.venv/lib/python3.12/site-packages/transformers/utils/hub.py", line 422, in cached_files
    hf_hub_download(
  File "/oscar/data/class/csci1430/students/zzhan360/Text-Conditoned-I-JEPA/.venv/lib/python3.12/site-packages/huggingface_hub/utils/_validators.py", line 88, in _inner_fn
    return fn(*args, **kwargs)
           ^^^^^^^^^^^^^^^^^^^
  File "/oscar/data/class/csci1430/students/zzhan360/Text-Conditoned-I-JEPA/.venv/lib/python3.12/site-packages/huggingface_hub/file_download.py", line 997, in hf_hub_download
    return _hf_hub_download_to_cache_dir(
           ^^^^^^^^^^^^^^^^^^^^^^^^^^^^^^
  File "/oscar/data/class/csci1430/students/zzhan360/Text-Conditoned-I-JEPA/.venv/lib/python3.12/site-packages/huggingface_hub/file_download.py", line 1148, in _hf_hub_download_to_cache_dir
    _raise_on_head_call_error(head_call_error, force_download, local_files_only)
  File "/oscar/data/class/csci1430/students/zzhan360/Text-Conditoned-I-JEPA/.venv/lib/python3.12/site-packages/huggingface_hub/file_download.py", line 1782, in _raise_on_head_call_error
    raise head_call_error
  File "/oscar/data/class/csci1430/students/zzhan360/Text-Conditoned-I-JEPA/.venv/lib/python3.12/site-packages/huggingface_hub/file_download.py", line 1669, in _get_metadata_or_catch_error
    metadata = get_hf_file_metadata(
               ^^^^^^^^^^^^^^^^^^^^^
  File "/oscar/data/class/csci1430/students/zzhan360/Text-Conditoned-I-JEPA/.venv/lib/python3.12/site-packages/huggingface_hub/utils/_validators.py", line 88, in _inner_fn
    return fn(*args, **kwargs)
           ^^^^^^^^^^^^^^^^^^^
  File "/oscar/data/class/csci1430/students/zzhan360/Text-Conditoned-I-JEPA/.venv/lib/python3.12/site-packages/huggingface_hub/file_download.py", line 1591, in get_hf_file_metadata
    response = _httpx_follow_relative_redirects_with_backoff(
               ^^^^^^^^^^^^^^^^^^^^^^^^^^^^^^^^^^^^^^^^^^^^^^
  File "/oscar/data/class/csci1430/students/zzhan360/Text-Conditoned-I-JEPA/.venv/lib/python3.12/site-packages/huggingface_hub/utils/_http.py", line 692, in _httpx_follow_relative_redirects_with_backoff
    hf_raise_for_status(response)
  File "/oscar/data/class/csci1430/students/zzhan360/Text-Conditoned-I-JEPA/.venv/lib/python3.12/site-packages/huggingface_hub/utils/_http.py", line 787, in hf_raise_for_status
    raise _format(GatedRepoError, message, response, repo_type=repo_type, repo_id=repo_id) from e
huggingface_hub.errors.GatedRepoError: 403 Client Error. (Request ID: Root=1-69f513af-0e1d42e87716720a553c6db1;4c82e0b4-cff9-4286-b96e-9e1ba9ace02c)

Cannot access gated repo for url https://huggingface.co/facebook/dinov3-vitb16-pretrain-lvd1689m/resolve/main/processor_config.json.
Access to model facebook/dinov3-vitb16-pretrain-lvd1689m is restricted and you are not in the authorized list. Visit https://huggingface.co/facebook/dinov3-vitb16-pretrain-lvd1689m to ask for access.

The above exception was the direct cause of the following exception:

Traceback (most recent call last):
  File "/oscar/data/class/csci1430/students/zzhan360/Text-Conditoned-I-JEPA/text_cond_train.py", line 1485, in <module>
    main()
  File "/oscar/data/class/csci1430/students/zzhan360/Text-Conditoned-I-JEPA/text_cond_train.py", line 1481, in main
    run_finetune(args)
  File "/oscar/data/class/csci1430/students/zzhan360/Text-Conditoned-I-JEPA/text_cond_train.py", line 826, in run_finetune
    im_proc = load_vision_processor(args.ijepa)
              ^^^^^^^^^^^^^^^^^^^^^^^^^^^^^^^^^
  File "/oscar/data/class/csci1430/students/zzhan360/Text-Conditoned-I-JEPA/main.py", line 147, in load_vision_processor
    return AutoVideoProcessor.from_pretrained(model_id)
           ^^^^^^^^^^^^^^^^^^^^^^^^^^^^^^^^^^^^^^^^^^^^
  File "/oscar/data/class/csci1430/students/zzhan360/Text-Conditoned-I-JEPA/.venv/lib/python3.12/site-packages/transformers/models/auto/video_processing_auto.py", line 314, in from_pretrained
    config_dict, _ = BaseVideoProcessor.get_video_processor_dict(pretrained_model_name_or_path, **kwargs)
                     ^^^^^^^^^^^^^^^^^^^^^^^^^^^^^^^^^^^^^^^^^^^^^^^^^^^^^^^^^^^^^^^^^^^^^^^^^^^^^^^^^^^^
  File "/oscar/data/class/csci1430/students/zzhan360/Text-Conditoned-I-JEPA/.venv/lib/python3.12/site-packages/transformers/video_processing_utils.py", line 614, in get_video_processor_dict
    resolved_processor_file = cached_file(
                              ^^^^^^^^^^^^
  File "/oscar/data/class/csci1430/students/zzhan360/Text-Conditoned-I-JEPA/.venv/lib/python3.12/site-packages/transformers/utils/hub.py", line 278, in cached_file
    file = cached_files(path_or_repo_id=path_or_repo_id, filenames=[filename], **kwargs)
           ^^^^^^^^^^^^^^^^^^^^^^^^^^^^^^^^^^^^^^^^^^^^^^^^^^^^^^^^^^^^^^^^^^^^^^^^^^^^^
  File "/oscar/data/class/csci1430/students/zzhan360/Text-Conditoned-I-JEPA/.venv/lib/python3.12/site-packages/transformers/utils/hub.py", line 488, in cached_files
    raise OSError(
OSError: You are trying to access a gated repo.
Make sure to have access to it at https://huggingface.co/facebook/dinov3-vitb16-pretrain-lvd1689m.
403 Client Error. (Request ID: Root=1-69f513af-0e1d42e87716720a553c6db1;4c82e0b4-cff9-4286-b96e-9e1ba9ace02c)

Cannot access gated repo for url https://huggingface.co/facebook/dinov3-vitb16-pretrain-lvd1689m/resolve/main/processor_config.json.
Access to model facebook/dinov3-vitb16-pretrain-lvd1689m is restricted and you are not in the authorized list. Visit https://huggingface.co/facebook/dinov3-vitb16-pretrain-lvd1689m to ask for access.
Traceback (most recent call last):
  File "/oscar/data/class/csci1430/students/zzhan360/Text-Conditoned-I-JEPA/train_mit_states_clipstyle.py", line 250, in <module>
    main()
  File "/oscar/data/class/csci1430/students/zzhan360/Text-Conditoned-I-JEPA/train_mit_states_clipstyle.py", line 228, in main
    subprocess.run(train_cmd, check=True)
  File "/oscar/home/zzhan360/.local/share/uv/python/cpython-3.12.13-linux-x86_64-gnu/lib/python3.12/subprocess.py", line 571, in run
    raise CalledProcessError(retcode, process.args,
subprocess.CalledProcessError: Command '['/oscar/data/class/csci1430/students/zzhan360/Text-Conditoned-I-JEPA/.venv/bin/python3', 'text_cond_train.py', '--vision-backbone', 'dino-v3', '--dataset', 'cspref_mit_states', '--fusion-type', 'clip_similarity', '--epochs', '20', '--batch-size', '128', '--lr', '5e-05', '--weight-decay', '5e-05', '--seed', '0', '--hyperparams-file', 'hyperparameters.json', '--save', 'checkpoints/dinov3_mit_states_clipstyle_s0_20260501-165607.pt']' returned non-zero exit status 1.
